<?xml version="1.0" encoding="UTF-8"?>
<testng-results ignored="0" total="1" passed="1" failed="0" skipped="0">
  <reporter-output>
  </reporter-output>
  <suite started-at="2025-01-08T13:41:16 IST" name="Default suite" finished-at="2025-01-08T13:41:16 IST" duration-ms="57">
    <groups>
    </groups>
    <test started-at="2025-01-08T13:41:16 IST" name="Default test" finished-at="2025-01-08T13:41:16 IST" duration-ms="57">
      <class name="programs.FibonacciSeries">
        <test-method signature="test()[pri:0, instance:programs.FibonacciSeries@747ddf94]" started-at="2025-01-08T13:41:16 IST" name="test" finished-at="2025-01-08T13:41:16 IST" duration-ms="22" status="PASS">
          <reporter-output>
          </reporter-output>
        </test-method> <!-- test -->
      </class> <!-- programs.FibonacciSeries -->
    </test> <!-- Default test -->
  </suite> <!-- Default suite -->
</testng-results>
