<?xml version="1.0" encoding="UTF-8"?>
<!-- Generated by org.testng.reporters.JUnitXMLReporter -->
<testsuite ignored="6" hostname="LAPTOP-9U10MB95" failures="0" tests="3" name="Test" time="0.071" errors="0" timestamp="2025-02-04T10:25:22 IST">
  <testcase classname="groupingpack.Personal_loan" name="WebLoginPersonalLoan" time="0.014"/>
  <testcase classname="groupingpack.Car_Loan" name="APILoginCarLoan" time="0.002"/>
  <testcase classname="groupingpack.Home_loan" name="MobileLoginHomeLoan" time="0.002"/>
  <testcase classname="groupingpack.Home_loan" name="APILoginHomeLoan" time="0.0">
    <ignored/>
  </testcase> <!-- APILoginHomeLoan -->
  <testcase classname="groupingpack.Car_Loan" name="MobileLoginCarLoan" time="0.0">
    <ignored/>
  </testcase> <!-- MobileLoginCarLoan -->
  <testcase classname="groupingpack.Home_loan" name="WebLoginHomeLoan" time="0.0">
    <ignored/>
  </testcase> <!-- WebLoginHomeLoan -->
  <testcase classname="groupingpack.Car_Loan" name="WebLoginCarLoan" time="0.0">
    <ignored/>
  </testcase> <!-- WebLoginCarLoan -->
  <testcase classname="groupingpack.Personal_loan" name="MobileLoginPersonalLoan" time="0.0">
    <ignored/>
  </testcase> <!-- MobileLoginPersonalLoan -->
  <testcase classname="groupingpack.Personal_loan" name="APILoginPersonalLoan" time="0.0">
    <ignored/>
  </testcase> <!-- APILoginPersonalLoan -->
</testsuite> <!-- Test -->
